Сборка начата 23.10.2023 15:26:41.
Уровень детализации журнала: Normal.     1>Проект "E:\Универ\2 курс\АиСД\lab 4\lab 4.vcxproj" в узле 2 (целевые объекты Build).
     1>InitializeBuildStatus:
         Создание "x64\Debug\lab 4.tlog\unsuccessfulbuild", так как было задано "AlwaysCreate".
       ClCompile:
         C:\Program Files\Microsoft Visual Studio\2022\Community\VC\Tools\MSVC\14.35.32215\bin\HostX64\x64\CL.exe /c /ZI /JMC /nologo /W3 /WX- /diagnostics:column /sdl /Od /D _DEBUG /D _CONSOLE /D _UNICODE /D UNICODE /Gm- /EHsc /RTC1 /MDd /GS /fp:precise /Zc:wchar_t /Zc:forScope /Zc:inline /permissive- /Fo"x64\Debug\\" /Fd"x64\Debug\vc143.pdb" /external:W3 /Gd /TP /FC /errorReport:prompt "lab 4.cpp"
         lab 4.cpp
     1>E:\Универ\2 курс\АиСД\lab 4\lab 4.cpp(86,13): warning C4566: символ, представленный универсальным именем символа "\u221E", невозможно представить в текущей кодовой странице (1251)
       Link:
         C:\Program Files\Microsoft Visual Studio\2022\Community\VC\Tools\MSVC\14.35.32215\bin\HostX64\x64\link.exe /ERRORREPORT:PROMPT /OUT:"E:\Универ\2 курс\АиСД\lab 4\x64\Debug\lab 4.exe" /INCREMENTAL /ILK:"x64\Debug\lab 4.ilk" /NOLOGO kernel32.lib user32.lib gdi32.lib winspool.lib comdlg32.lib advapi32.lib shell32.lib ole32.lib oleaut32.lib uuid.lib odbc32.lib odbccp32.lib /MANIFEST /MANIFESTUAC:"level='asInvoker' uiAccess='false'" /manifest:embed /DEBUG /PDB:"E:\Универ\2 курс\АиСД\lab 4\x64\Debug\lab 4.pdb" /SUBSYSTEM:CONSOLE /TLBID:1 /DYNAMICBASE /NXCOMPAT /IMPLIB:"E:\Универ\2 курс\АиСД\lab 4\x64\Debug\lab 4.lib" /MACHINE:X64 "x64\Debug\lab 4.obj"
         lab 4.vcxproj -> E:\Универ\2 курс\АиСД\lab 4\x64\Debug\lab 4.exe
       FinalizeBuildStatus:
         Файл "x64\Debug\lab 4.tlog\unsuccessfulbuild" удаляется.
         Обращение к "x64\Debug\lab 4.tlog\lab 4.lastbuildstate".
     1>Сборка проекта "E:\Универ\2 курс\АиСД\lab 4\lab 4.vcxproj" завершена (целевые объекты Build).

Сборка успешно завершена.

       "E:\Универ\2 курс\АиСД\lab 4\lab 4.vcxproj" (целевой объект Build ) (1) ->
       (Целевой объект ClCompile) -> 
         E:\Универ\2 курс\АиСД\lab 4\lab 4.cpp(86,13): warning C4566: символ, представленный универсальным именем символа "\u221E", невозможно представить в текущей кодовой странице (1251)

    Предупреждений: 1
    Ошибок: 0

Прошло времени 00:00:01.77
