Сборка начата 12.12.2023 16:44:18.
Уровень детализации журнала: Normal.     1>Проект "E:\Универ\2 курс\КПО\KPO_Labs-main\SE_asm01\SE_asm01.vcxproj" в узле 7 (целевые объекты Rebuild).
     1>_PrepareForClean:
         Файл "Debug\SE_asm01.tlog\SE_asm01.lastbuildstate" удаляется.
       InitializeBuildStatus:
         Создание "Debug\SE_asm01.tlog\unsuccessfulbuild", так как было задано "AlwaysCreate".
       _MASM:
         Assembling asm01.asm...
         cmd.exe /C "C:\Users\rozel\AppData\Local\Temp\tmpa9ed137ca9b542c399384642e7043660.cmd"
         ml.exe /c /nologo /Zi /Fo"Debug\asm01.obj" /W3 /errorReport:prompt  /Taasm01.asm
       Link:
         C:\Program Files\Microsoft Visual Studio\2022\Community\VC\Tools\MSVC\14.35.32215\bin\HostX86\x86\link.exe /ERRORREPORT:PROMPT /OUT:"E:\Универ\2 курс\КПО\KPO_Labs-main\Debug\SE_asm01.exe" /INCREMENTAL /ILK:"Debug\SE_asm01.ilk" /NOLOGO kernel32.lib user32.lib gdi32.lib winspool.lib comdlg32.lib advapi32.lib shell32.lib ole32.lib oleaut32.lib uuid.lib odbc32.lib odbccp32.lib /MANIFEST /MANIFESTUAC:"level='asInvoker' uiAccess='false'" /manifest:embed /DEBUG /PDB:"E:\Универ\2 курс\КПО\KPO_Labs-main\Debug\SE_asm01.pdb" /SUBSYSTEM:WINDOWS /TLBID:1 /DYNAMICBASE /NXCOMPAT /IMPLIB:"E:\Универ\2 курс\КПО\KPO_Labs-main\Debug\SE_asm01.lib" /MACHINE:X86 Debug\asm01.obj
         SE_asm01.vcxproj -> E:\Универ\2 курс\КПО\KPO_Labs-main\Debug\SE_asm01.exe
       FinalizeBuildStatus:
         Файл "Debug\SE_asm01.tlog\unsuccessfulbuild" удаляется.
         Обращение к "Debug\SE_asm01.tlog\SE_asm01.lastbuildstate".
     1>Сборка проекта "E:\Универ\2 курс\КПО\KPO_Labs-main\SE_asm01\SE_asm01.vcxproj" завершена (целевые объекты Rebuild).

Сборка успешно завершена.
    Предупреждений: 0
    Ошибок: 0

Прошло времени 00:00:01.15
