Сборка начата 13.09.2023 20:11:16.
Уровень детализации журнала: Normal.     1>Проект "E:\Универ\SE_Lab15\SE_Lab15.vcxproj" в узле 2 (целевые объекты Build).
     1>InitializeBuildStatus:
         Создание "x64\Debug\SE_Lab15.tlog\unsuccessfulbuild", так как было задано "AlwaysCreate".
       ClCompile:
         C:\Program Files\Microsoft Visual Studio\2022\Community\VC\Tools\MSVC\14.35.32215\bin\HostX64\x64\CL.exe /c /ZI /JMC /nologo /W3 /WX- /diagnostics:column /sdl /Od /D _DEBUG /D _CONSOLE /D _UNICODE /D UNICODE /Gm- /EHsc /RTC1 /MDd /GS /fp:precise /Zc:wchar_t /Zc:forScope /Zc:inline /permissive- /Fo"x64\Debug\\" /Fd"x64\Debug\vc143.pdb" /external:W3 /Gd /TP /FC /errorReport:prompt Error.cpp In.cpp Log.cpp Out.cpp Parm.cpp SE_Lab14.cpp
         Error.cpp
         In.cpp
         Log.cpp
         Out.cpp
         Parm.cpp
         SE_Lab14.cpp
     1>E:\Универ\SE_Lab15\SE_Lab14.cpp(25,5): warning C4102: Log: неиспользованная метка
         Создание кода...
       Link:
         C:\Program Files\Microsoft Visual Studio\2022\Community\VC\Tools\MSVC\14.35.32215\bin\HostX64\x64\link.exe /ERRORREPORT:PROMPT /OUT:"E:\Универ\SE_Lab15\x64\Debug\SE_Lab15.exe" /INCREMENTAL /ILK:"x64\Debug\SE_Lab15.ilk" /NOLOGO kernel32.lib user32.lib gdi32.lib winspool.lib comdlg32.lib advapi32.lib shell32.lib ole32.lib oleaut32.lib uuid.lib odbc32.lib odbccp32.lib /MANIFEST /MANIFESTUAC:"level='asInvoker' uiAccess='false'" /manifest:embed /DEBUG /PDB:"E:\Универ\SE_Lab15\x64\Debug\SE_Lab15.pdb" /SUBSYSTEM:CONSOLE /TLBID:1 /DYNAMICBASE /NXCOMPAT /IMPLIB:"E:\Универ\SE_Lab15\x64\Debug\SE_Lab15.lib" /MACHINE:X64 x64\Debug\Error.obj
         x64\Debug\In.obj
         x64\Debug\Log.obj
         x64\Debug\Out.obj
         x64\Debug\Parm.obj
         x64\Debug\SE_Lab14.obj
         SE_Lab15.vcxproj -> E:\Универ\SE_Lab15\x64\Debug\SE_Lab15.exe
       FinalizeBuildStatus:
         Файл "x64\Debug\SE_Lab15.tlog\unsuccessfulbuild" удаляется.
         Обращение к "x64\Debug\SE_Lab15.tlog\SE_Lab15.lastbuildstate".
     1>Сборка проекта "E:\Универ\SE_Lab15\SE_Lab15.vcxproj" завершена (целевые объекты Build).

Сборка успешно завершена.

       "E:\Универ\SE_Lab15\SE_Lab15.vcxproj" (целевой объект Build ) (1) ->
       (Целевой объект ClCompile) -> 
         E:\Универ\SE_Lab15\SE_Lab14.cpp(25,5): warning C4102: Log: неиспользованная метка

    Предупреждений: 1
    Ошибок: 0

Прошло времени 00:00:03.74
