Сборка начата 11.12.2023 15:15:59.
Уровень детализации журнала: Normal.     1>Проект "E:\Универ\2 курс\АиСД\lab 8\lab 8.vcxproj" в узле 2 (целевые объекты Build).
     1>InitializeBuildStatus:
         Создание "x64\Debug\lab 8.tlog\unsuccessfulbuild", так как было задано "AlwaysCreate".
       ClCompile:
         C:\Program Files\Microsoft Visual Studio\2022\Community\VC\Tools\MSVC\14.35.32215\bin\HostX64\x64\CL.exe /c /ZI /JMC /nologo /W3 /WX- /diagnostics:column /sdl /Od /D _DEBUG /D _CONSOLE /D _UNICODE /D UNICODE /Gm- /EHsc /RTC1 /MDd /GS /fp:precise /Zc:wchar_t /Zc:forScope /Zc:inline /permissive- /Fo"x64\Debug\\" /Fd"x64\Debug\vc143.pdb" /external:W3 /Gd /TP /FC /errorReport:prompt "lab 8.cpp"
         lab 8.cpp
     1>E:\Универ\2 курс\АиСД\lab 8\lab 8.cpp(8,1): warning C4326: возвращаемый тип "main" должен быть "int", а не "void"
       Link:
         C:\Program Files\Microsoft Visual Studio\2022\Community\VC\Tools\MSVC\14.35.32215\bin\HostX64\x64\link.exe /ERRORREPORT:PROMPT /OUT:"E:\Универ\2 курс\АиСД\lab 8\x64\Debug\lab 8.exe" /INCREMENTAL /ILK:"x64\Debug\lab 8.ilk" /NOLOGO kernel32.lib user32.lib gdi32.lib winspool.lib comdlg32.lib advapi32.lib shell32.lib ole32.lib oleaut32.lib uuid.lib odbc32.lib odbccp32.lib /MANIFEST /MANIFESTUAC:"level='asInvoker' uiAccess='false'" /manifest:embed /DEBUG /PDB:"E:\Универ\2 курс\АиСД\lab 8\x64\Debug\lab 8.pdb" /SUBSYSTEM:CONSOLE /TLBID:1 /DYNAMICBASE /NXCOMPAT /IMPLIB:"E:\Универ\2 курс\АиСД\lab 8\x64\Debug\lab 8.lib" /MACHINE:X64 "x64\Debug\lab 8.obj"
         lab 8.vcxproj -> E:\Универ\2 курс\АиСД\lab 8\x64\Debug\lab 8.exe
       FinalizeBuildStatus:
         Файл "x64\Debug\lab 8.tlog\unsuccessfulbuild" удаляется.
         Обращение к "x64\Debug\lab 8.tlog\lab 8.lastbuildstate".
     1>Сборка проекта "E:\Универ\2 курс\АиСД\lab 8\lab 8.vcxproj" завершена (целевые объекты Build).

Сборка успешно завершена.

       "E:\Универ\2 курс\АиСД\lab 8\lab 8.vcxproj" (целевой объект Build ) (1) ->
       (Целевой объект ClCompile) -> 
         E:\Универ\2 курс\АиСД\lab 8\lab 8.cpp(8,1): warning C4326: возвращаемый тип "main" должен быть "int", а не "void"

    Предупреждений: 1
    Ошибок: 0

Прошло времени 00:00:02.84
