Сборка начата 12.12.2023 16:44:18.
Уровень детализации журнала: Normal.     1>Проект "E:\Универ\2 курс\КПО\KPO_Labs-main\SE_asm01b\SE_asm01b.vcxproj" в узле 6 (целевые объекты Rebuild).
     1>_PrepareForClean:
         Файл "Debug\SE_asm01b.tlog\SE_asm01b.lastbuildstate" удаляется.
       InitializeBuildStatus:
         Обращение к "Debug\SE_asm01b.tlog\unsuccessfulbuild".
       _MASM:
         Assembling SE_asm01b.asm...
         cmd.exe /C "C:\Users\rozel\AppData\Local\Temp\tmp2fb33f102d9f4cdebe1ecec75c1fd97f.cmd"
         ml.exe /c /nologo /Zi /Fo"Debug\SE_asm01b.obj" /W3 /errorReport:prompt  /TaSE_asm01b.asm
       Link:
         C:\Program Files\Microsoft Visual Studio\2022\Community\VC\Tools\MSVC\14.35.32215\bin\HostX86\x86\link.exe /ERRORREPORT:PROMPT /OUT:"E:\Универ\2 курс\КПО\KPO_Labs-main\Debug\SE_asm01b.exe" /INCREMENTAL /ILK:"Debug\SE_asm01b.ilk" /NOLOGO kernel32.lib user32.lib gdi32.lib winspool.lib comdlg32.lib advapi32.lib shell32.lib ole32.lib oleaut32.lib uuid.lib odbc32.lib odbccp32.lib /MANIFEST /MANIFESTUAC:"level='asInvoker' uiAccess='false'" /manifest:embed /DEBUG /PDB:"E:\Универ\2 курс\КПО\KPO_Labs-main\Debug\SE_asm01b.pdb" /SUBSYSTEM:CONSOLE /TLBID:1 /DYNAMICBASE /NXCOMPAT /IMPLIB:"E:\Универ\2 курс\КПО\KPO_Labs-main\Debug\SE_asm01b.lib" /MACHINE:X86 ..\Debug\SE_asm01a.lib Debug\SE_asm01b.obj
         SE_asm01b.vcxproj -> E:\Универ\2 курс\КПО\KPO_Labs-main\Debug\SE_asm01b.exe
       FinalizeBuildStatus:
         Файл "Debug\SE_asm01b.tlog\unsuccessfulbuild" удаляется.
         Обращение к "Debug\SE_asm01b.tlog\SE_asm01b.lastbuildstate".
     1>Сборка проекта "E:\Универ\2 курс\КПО\KPO_Labs-main\SE_asm01b\SE_asm01b.vcxproj" завершена (целевые объекты Rebuild).

Сборка успешно завершена.
    Предупреждений: 0
    Ошибок: 0

Прошло времени 00:00:01.18
