Сборка начата 17.10.2023 17:23:49.
Уровень детализации журнала: Normal.     1>Проект "E:\Универ\2 курс\КПО\SE_Lab17\SE_Lab15.vcxproj" в узле 2 (целевые объекты Build).
     1>InitializeBuildStatus:
         Обращение к "Debug\SE_Lab15.tlog\unsuccessfulbuild".
       ClCompile:
         C:\Program Files\Microsoft Visual Studio\2022\Community\VC\Tools\MSVC\14.35.32215\bin\HostX86\x86\CL.exe /c /ZI /JMC /nologo /W3 /WX- /diagnostics:column /sdl /Od /Oy- /D WIN32 /D _DEBUG /D _CONSOLE /D _UNICODE /D UNICODE /Gm- /EHsc /RTC1 /MDd /GS /fp:precise /Zc:wchar_t /Zc:forScope /Zc:inline /permissive- /Fo"Debug\\" /Fd"Debug\vc143.pdb" /external:W3 /Gd /TP /analyze- /FC /errorReport:prompt Error.cpp In.cpp IT.cpp LexAnalysis.cpp Log.cpp LT.cpp Out.cpp Parm.cpp SE_Lab14.cpp
         Error.cpp
         In.cpp
         IT.cpp
     1>E:\Универ\2 курс\КПО\SE_Lab17\IT.cpp(79,36): warning C4267: =: преобразование из "size_t" в "unsigned char"; возможна потеря данных
     1>E:\Универ\2 курс\КПО\SE_Lab17\IT.cpp(99,36): warning C4267: =: преобразование из "size_t" в "unsigned char"; возможна потеря данных
     1>E:\Универ\2 курс\КПО\SE_Lab17\IT.cpp(206,148): error C2065: endl: необъявленный идентификатор
     1>E:\Универ\2 курс\КПО\SE_Lab17\IT.cpp(209,24): error C2039: "setw": не является членом "std".
       C:\Program Files\Microsoft Visual Studio\2022\Community\VC\Tools\MSVC\14.35.32215\include\fstream(26,1): message : см. объявление "std"
     1>E:\Универ\2 курс\КПО\SE_Lab17\IT.cpp(209,28): error C3861: setw: идентификатор не найден
     1>E:\Универ\2 курс\КПО\SE_Lab17\IT.cpp(209,74): error C2039: "setw": не является членом "std".
       C:\Program Files\Microsoft Visual Studio\2022\Community\VC\Tools\MSVC\14.35.32215\include\fstream(26,1): message : см. объявление "std"
     1>E:\Универ\2 курс\КПО\SE_Lab17\IT.cpp(209,78): error C3861: setw: идентификатор не найден
     1>E:\Универ\2 курс\КПО\SE_Lab17\IT.cpp(209,116): error C2039: "setw": не является членом "std".
       C:\Program Files\Microsoft Visual Studio\2022\Community\VC\Tools\MSVC\14.35.32215\include\fstream(26,1): message : см. объявление "std"
     1>E:\Универ\2 курс\КПО\SE_Lab17\IT.cpp(209,120): error C3861: setw: идентификатор не найден
     1>E:\Универ\2 курс\КПО\SE_Lab17\IT.cpp(209,156): error C2039: "setw": не является членом "std".
       C:\Program Files\Microsoft Visual Studio\2022\Community\VC\Tools\MSVC\14.35.32215\include\fstream(26,1): message : см. объявление "std"
     1>E:\Универ\2 курс\КПО\SE_Lab17\IT.cpp(209,160): error C3861: setw: идентификатор не найден
     1>E:\Универ\2 курс\КПО\SE_Lab17\IT.cpp(209,203): error C2039: "setw": не является членом "std".
       C:\Program Files\Microsoft Visual Studio\2022\Community\VC\Tools\MSVC\14.35.32215\include\fstream(26,1): message : см. объявление "std"
     1>E:\Универ\2 курс\КПО\SE_Lab17\IT.cpp(209,207): error C3861: setw: идентификатор не найден
     1>E:\Универ\2 курс\КПО\SE_Lab17\IT.cpp(226,124): error C2039: "setw": не является членом "std".
       C:\Program Files\Microsoft Visual Studio\2022\Community\VC\Tools\MSVC\14.35.32215\include\fstream(26,1): message : см. объявление "std"
     1>E:\Универ\2 курс\КПО\SE_Lab17\IT.cpp(226,128): error C3861: setw: идентификатор не найден
     1>E:\Универ\2 курс\КПО\SE_Lab17\IT.cpp(242,147): error C2065: endl: необъявленный идентификатор
     1>E:\Универ\2 курс\КПО\SE_Lab17\IT.cpp(245,24): error C2039: "setw": не является членом "std".
       C:\Program Files\Microsoft Visual Studio\2022\Community\VC\Tools\MSVC\14.35.32215\include\fstream(26,1): message : см. объявление "std"
     1>E:\Универ\2 курс\КПО\SE_Lab17\IT.cpp(245,28): error C3861: setw: идентификатор не найден
     1>E:\Универ\2 курс\КПО\SE_Lab17\IT.cpp(245,74): error C2039: "setw": не является членом "std".
       C:\Program Files\Microsoft Visual Studio\2022\Community\VC\Tools\MSVC\14.35.32215\include\fstream(26,1): message : см. объявление "std"
     1>E:\Универ\2 курс\КПО\SE_Lab17\IT.cpp(245,78): error C3861: setw: идентификатор не найден
     1>E:\Универ\2 курс\КПО\SE_Lab17\IT.cpp(245,134): error C2039: "setw": не является членом "std".
       C:\Program Files\Microsoft Visual Studio\2022\Community\VC\Tools\MSVC\14.35.32215\include\fstream(26,1): message : см. объявление "std"
     1>E:\Универ\2 курс\КПО\SE_Lab17\IT.cpp(245,138): error C3861: setw: идентификатор не найден
     1>E:\Универ\2 курс\КПО\SE_Lab17\IT.cpp(245,220): error C2039: "setw": не является членом "std".
       C:\Program Files\Microsoft Visual Studio\2022\Community\VC\Tools\MSVC\14.35.32215\include\fstream(26,1): message : см. объявление "std"
     1>E:\Универ\2 курс\КПО\SE_Lab17\IT.cpp(245,224): error C3861: setw: идентификатор не найден
     1>E:\Универ\2 курс\КПО\SE_Lab17\IT.cpp(257,57): error C2039: "setw": не является членом "std".
       C:\Program Files\Microsoft Visual Studio\2022\Community\VC\Tools\MSVC\14.35.32215\include\fstream(26,1): message : см. объявление "std"
     1>E:\Универ\2 курс\КПО\SE_Lab17\IT.cpp(257,61): error C3861: setw: идентификатор не найден
     1>E:\Универ\2 курс\КПО\SE_Lab17\IT.cpp(262,57): error C2039: "setw": не является членом "std".
       C:\Program Files\Microsoft Visual Studio\2022\Community\VC\Tools\MSVC\14.35.32215\include\fstream(26,1): message : см. объявление "std"
     1>E:\Универ\2 курс\КПО\SE_Lab17\IT.cpp(262,61): error C3861: setw: идентификатор не найден
     1>E:\Универ\2 курс\КПО\SE_Lab17\IT.cpp(280,147): error C2065: endl: необъявленный идентификатор
     1>E:\Универ\2 курс\КПО\SE_Lab17\IT.cpp(282,24): error C2039: "setw": не является членом "std".
       C:\Program Files\Microsoft Visual Studio\2022\Community\VC\Tools\MSVC\14.35.32215\include\fstream(26,1): message : см. объявление "std"
     1>E:\Универ\2 курс\КПО\SE_Lab17\IT.cpp(282,28): error C3861: setw: идентификатор не найден
     1>E:\Универ\2 курс\КПО\SE_Lab17\IT.cpp(282,92): error C2039: "setw": не является членом "std".
       C:\Program Files\Microsoft Visual Studio\2022\Community\VC\Tools\MSVC\14.35.32215\include\fstream(26,1): message : см. объявление "std"
     1>E:\Универ\2 курс\КПО\SE_Lab17\IT.cpp(282,96): error C3861: setw: идентификатор не найден
     1>E:\Универ\2 курс\КПО\SE_Lab17\IT.cpp(282,142): error C2039: "setw": не является членом "std".
       C:\Program Files\Microsoft Visual Studio\2022\Community\VC\Tools\MSVC\14.35.32215\include\fstream(26,1): message : см. объявление "std"
     1>E:\Универ\2 курс\КПО\SE_Lab17\IT.cpp(282,146): error C3861: setw: идентификатор не найден
     1>E:\Универ\2 курс\КПО\SE_Lab17\IT.cpp(282,185): error C2039: "setw": не является членом "std".
       C:\Program Files\Microsoft Visual Studio\2022\Community\VC\Tools\MSVC\14.35.32215\include\fstream(26,1): message : см. объявление "std"
     1>E:\Универ\2 курс\КПО\SE_Lab17\IT.cpp(282,189): error C3861: setw: идентификатор не найден
     1>E:\Универ\2 курс\КПО\SE_Lab17\IT.cpp(282,244): error C2039: "setw": не является членом "std".
       C:\Program Files\Microsoft Visual Studio\2022\Community\VC\Tools\MSVC\14.35.32215\include\fstream(26,1): message : см. объявление "std"
     1>E:\Универ\2 курс\КПО\SE_Lab17\IT.cpp(282,248): error C3861: setw: идентификатор не найден
     1>E:\Универ\2 курс\КПО\SE_Lab17\IT.cpp(294,71): error C2039: "setw": не является членом "std".
       C:\Program Files\Microsoft Visual Studio\2022\Community\VC\Tools\MSVC\14.35.32215\include\fstream(26,1): message : см. объявление "std"
     1>E:\Универ\2 курс\КПО\SE_Lab17\IT.cpp(294,75): error C3861: setw: идентификатор не найден
     1>E:\Универ\2 курс\КПО\SE_Lab17\IT.cpp(294,151): error C2039: "setw": не является членом "std".
       C:\Program Files\Microsoft Visual Studio\2022\Community\VC\Tools\MSVC\14.35.32215\include\fstream(26,1): message : см. объявление "std"
     1>E:\Универ\2 курс\КПО\SE_Lab17\IT.cpp(294,155): error C3861: setw: идентификатор не найден
     1>E:\Универ\2 курс\КПО\SE_Lab17\IT.cpp(294,178): error C2039: "setw": не является членом "std".
       C:\Program Files\Microsoft Visual Studio\2022\Community\VC\Tools\MSVC\14.35.32215\include\fstream(26,1): message : см. объявление "std"
     1>E:\Универ\2 курс\КПО\SE_Lab17\IT.cpp(294,182): error C3861: setw: идентификатор не найден
     1>E:\Универ\2 курс\КПО\SE_Lab17\IT.cpp(299,71): error C2039: "setw": не является членом "std".
       C:\Program Files\Microsoft Visual Studio\2022\Community\VC\Tools\MSVC\14.35.32215\include\fstream(26,1): message : см. объявление "std"
     1>E:\Универ\2 курс\КПО\SE_Lab17\IT.cpp(299,75): error C3861: setw: идентификатор не найден
     1>E:\Универ\2 курс\КПО\SE_Lab17\IT.cpp(299,151): error C2039: "setw": не является членом "std".
       C:\Program Files\Microsoft Visual Studio\2022\Community\VC\Tools\MSVC\14.35.32215\include\fstream(26,1): message : см. объявление "std"
     1>E:\Универ\2 курс\КПО\SE_Lab17\IT.cpp(299,155): error C3861: setw: идентификатор не найден
     1>E:\Универ\2 курс\КПО\SE_Lab17\IT.cpp(299,178): error C2039: "setw": не является членом "std".
       C:\Program Files\Microsoft Visual Studio\2022\Community\VC\Tools\MSVC\14.35.32215\include\fstream(26,1): message : см. объявление "std"
     1>E:\Универ\2 курс\КПО\SE_Lab17\IT.cpp(299,182): error C3861: setw: идентификатор не найден
     1>E:\Универ\2 курс\КПО\SE_Lab17\IT.cpp(314,71): error C2039: "setw": не является членом "std".
       C:\Program Files\Microsoft Visual Studio\2022\Community\VC\Tools\MSVC\14.35.32215\include\fstream(26,1): message : см. объявление "std"
     1>E:\Универ\2 курс\КПО\SE_Lab17\IT.cpp(314,75): error C3861: setw: идентификатор не найден
     1>E:\Универ\2 курс\КПО\SE_Lab17\IT.cpp(314,151): error C2039: "setw": не является членом "std".
       C:\Program Files\Microsoft Visual Studio\2022\Community\VC\Tools\MSVC\14.35.32215\include\fstream(26,1): message : см. объявление "std"
     1>E:\Универ\2 курс\КПО\SE_Lab17\IT.cpp(314,155): error C3861: setw: идентификатор не найден
     1>E:\Универ\2 курс\КПО\SE_Lab17\IT.cpp(314,178): error C2039: "setw": не является членом "std".
       C:\Program Files\Microsoft Visual Studio\2022\Community\VC\Tools\MSVC\14.35.32215\include\fstream(26,1): message : см. объявление "std"
     1>E:\Универ\2 курс\КПО\SE_Lab17\IT.cpp(314,182): error C3861: setw: идентификатор не найден
     1>E:\Универ\2 курс\КПО\SE_Lab17\IT.cpp(319,71): error C2039: "setw": не является членом "std".
       C:\Program Files\Microsoft Visual Studio\2022\Community\VC\Tools\MSVC\14.35.32215\include\fstream(26,1): message : см. объявление "std"
     1>E:\Универ\2 курс\КПО\SE_Lab17\IT.cpp(319,75): error C3861: setw: идентификатор не найден
     1>E:\Универ\2 курс\КПО\SE_Lab17\IT.cpp(319,151): error C2039: "setw": не является членом "std".
       C:\Program Files\Microsoft Visual Studio\2022\Community\VC\Tools\MSVC\14.35.32215\include\fstream(26,1): message : см. объявление "std"
     1>E:\Универ\2 курс\КПО\SE_Lab17\IT.cpp(319,155): error C3861: setw: идентификатор не найден
     1>E:\Универ\2 курс\КПО\SE_Lab17\IT.cpp(319,178): error C2039: "setw": не является членом "std".
       C:\Program Files\Microsoft Visual Studio\2022\Community\VC\Tools\MSVC\14.35.32215\include\fstream(26,1): message : см. объявление "std"
     1>E:\Универ\2 курс\КПО\SE_Lab17\IT.cpp(319,182): error C3861: setw: идентификатор не найден
         LexAnalysis.cpp
     1>E:\Универ\2 курс\КПО\SE_Lab17\LexAnalysis.cpp(14,46): error C2039: "D": не является членом "In::IN".
       E:\Универ\2 курс\КПО\SE_Lab17\In.h(16,9): message : см. объявление "In::IN"
     1>E:\Универ\2 курс\КПО\SE_Lab17\LexAnalysis.cpp(14,89): error C2039: "O": не является членом "In::IN".
       E:\Универ\2 курс\КПО\SE_Lab17\In.h(16,9): message : см. объявление "In::IN"
     1>E:\Универ\2 курс\КПО\SE_Lab17\LexAnalysis.cpp(80,21): warning C4305: =: усечение из "int" в "char"
     1>E:\Универ\2 курс\КПО\SE_Lab17\LexAnalysis.cpp(80,17): warning C4309: =: усечение константного значения
     1>E:\Универ\2 курс\КПО\SE_Lab17\LexAnalysis.cpp(171,4): error C2653: FST: не является именем класса или пространства имен
     1>E:\Универ\2 курс\КПО\SE_Lab17\LexAnalysis.cpp(171,9): error C2065: FST: необъявленный идентификатор
     1>E:\Универ\2 курс\КПО\SE_Lab17\LexAnalysis.cpp(171,14): error C2065: function: необъявленный идентификатор
     1>E:\Универ\2 курс\КПО\SE_Lab17\LexAnalysis.cpp(171,29): error C2653: FST: не является именем класса или пространства имен
     1>E:\Универ\2 курс\КПО\SE_Lab17\LexAnalysis.cpp(171,34): error C2061: синтаксическая ошибка: идентификатор "FST"
     1>E:\Универ\2 курс\КПО\SE_Lab17\LexAnalysis.cpp(172,8): error C2653: FST: не является именем класса или пространства имен
     1>E:\Универ\2 курс\КПО\SE_Lab17\LexAnalysis.cpp(172,22): error C2065: function: необъявленный идентификатор
     1>E:\Универ\2 курс\КПО\SE_Lab17\LexAnalysis.cpp(172,13): error C3861: execute: идентификатор не найден
     1>E:\Универ\2 курс\КПО\SE_Lab17\LexAnalysis.cpp(176,12): error C2065: function: необъявленный идентификатор
     1>E:\Универ\2 курс\КПО\SE_Lab17\LexAnalysis.cpp(176,20): error C2541: delete: нельзя удалять объекты, не являющиеся указателями
     1>E:\Универ\2 курс\КПО\SE_Lab17\LexAnalysis.cpp(177,5): error C2065: function: необъявленный идентификатор
     1>E:\Универ\2 курс\КПО\SE_Lab17\LexAnalysis.cpp(182,12): error C2065: function: необъявленный идентификатор
     1>E:\Универ\2 курс\КПО\SE_Lab17\LexAnalysis.cpp(182,20): error C2541: delete: нельзя удалять объекты, не являющиеся указателями
     1>E:\Универ\2 курс\КПО\SE_Lab17\LexAnalysis.cpp(183,5): error C2065: function: необъявленный идентификатор
     1>E:\Универ\2 курс\КПО\SE_Lab17\LexAnalysis.cpp(190,4): error C2653: FST: не является именем класса или пространства имен
     1>E:\Универ\2 курс\КПО\SE_Lab17\LexAnalysis.cpp(190,9): error C2065: FST: необъявленный идентификатор
     1>E:\Универ\2 курс\КПО\SE_Lab17\LexAnalysis.cpp(190,14): error C2065: integer: необъявленный идентификатор
     1>E:\Универ\2 курс\КПО\SE_Lab17\LexAnalysis.cpp(190,28): error C2653: FST: не является именем класса или пространства имен
     1>E:\Универ\2 курс\КПО\SE_Lab17\LexAnalysis.cpp(190,33): error C2061: синтаксическая ошибка: идентификатор "FST"
     1>E:\Универ\2 курс\КПО\SE_Lab17\LexAnalysis.cpp(191,8): error C2653: FST: не является именем класса или пространства имен
     1>E:\Универ\2 курс\КПО\SE_Lab17\LexAnalysis.cpp(191,22): error C2065: integer: необъявленный идентификатор
     1>E:\Универ\2 курс\КПО\SE_Lab17\LexAnalysis.cpp(191,13): error C3861: execute: идентификатор не найден
     1>E:\Универ\2 курс\КПО\SE_Lab17\LexAnalysis.cpp(195,12): error C2065: integer: необъявленный идентификатор
     1>E:\Универ\2 курс\КПО\SE_Lab17\LexAnalysis.cpp(195,19): error C2541: delete: нельзя удалять объекты, не являющиеся указателями
     1>E:\Универ\2 курс\КПО\SE_Lab17\LexAnalysis.cpp(196,5): error C2065: integer: необъявленный идентификатор
     1>E:\Универ\2 курс\КПО\SE_Lab17\LexAnalysis.cpp(203,12): error C2065: integer: необъявленный идентификатор
     1>E:\Универ\2 курс\КПО\SE_Lab17\LexAnalysis.cpp(203,19): error C2541: delete: нельзя удалять объекты, не являющиеся указателями
     1>E:\Универ\2 курс\КПО\SE_Lab17\LexAnalysis.cpp(204,5): error C2065: integer: необъявленный идентификатор
     1>E:\Универ\2 курс\КПО\SE_Lab17\LexAnalysis.cpp(211,4): error C2653: FST: не является именем класса или пространства имен
     1>E:\Универ\2 курс\КПО\SE_Lab17\LexAnalysis.cpp(211,9): error C2065: FST: необъявленный идентификатор
     1>E:\Универ\2 курс\КПО\SE_Lab17\LexAnalysis.cpp(211,14): error C2065: string: необъявленный идентификатор
     1>E:\Универ\2 курс\КПО\SE_Lab17\LexAnalysis.cpp(211,27): error C2653: FST: не является именем класса или пространства имен
     1>E:\Универ\2 курс\КПО\SE_Lab17\LexAnalysis.cpp(211,32): error C2061: синтаксическая ошибка: идентификатор "FST"
     1>E:\Универ\2 курс\КПО\SE_Lab17\LexAnalysis.cpp(212,8): error C2653: FST: не является именем класса или пространства имен
     1>E:\Универ\2 курс\КПО\SE_Lab17\LexAnalysis.cpp(212,22): error C2065: string: необъявленный идентификатор
     1>E:\Универ\2 курс\КПО\SE_Lab17\LexAnalysis.cpp(212,13): error C3861: execute: идентификатор не найден
     1>E:\Универ\2 курс\КПО\SE_Lab17\LexAnalysis.cpp(216,12): error C2065: string: необъявленный идентификатор
     1>E:\Универ\2 курс\КПО\SE_Lab17\LexAnalysis.cpp(216,18): error C2541: delete: нельзя удалять объекты, не являющиеся указателями
     1>E:\Универ\2 курс\КПО\SE_Lab17\LexAnalysis.cpp(217,5): error C2065: string: необъявленный идентификатор
     1>E:\Универ\2 курс\КПО\SE_Lab17\LexAnalysis.cpp(224,12): error C2065: string: необъявленный идентификатор
     1>E:\Универ\2 курс\КПО\SE_Lab17\LexAnalysis.cpp(224,18): error C2541: delete: нельзя удалять объекты, не являющиеся указателями
     1>E:\Универ\2 курс\КПО\SE_Lab17\LexAnalysis.cpp(225,5): error C2065: string: необъявленный идентификатор
     1>E:\Универ\2 курс\КПО\SE_Lab17\LexAnalysis.cpp(233,4): error C2653: FST: не является именем класса или пространства имен
     1>E:\Универ\2 курс\КПО\SE_Lab17\LexAnalysis.cpp(233,9): error C2065: FST: необъявленный идентификатор
     1>E:\Универ\2 курс\КПО\SE_Lab17\LexAnalysis.cpp(233,14): error C2065: declare: необъявленный идентификатор
     1>E:\Универ\2 курс\КПО\SE_Lab17\LexAnalysis.cpp(233,28): error C2653: FST: не является именем класса или пространства имен
     1>E:\Универ\2 курс\КПО\SE_Lab17\LexAnalysis.cpp(233,33): error C2061: синтаксическая ошибка: идентификатор "FST"
     1>E:\Универ\2 курс\КПО\SE_Lab17\LexAnalysis.cpp(234,8): error C2653: FST: не является именем класса или пространства имен
     1>E:\Универ\2 курс\КПО\SE_Lab17\LexAnalysis.cpp(234,22): error C2065: declare: необъявленный идентификатор
     1>E:\Универ\2 курс\КПО\SE_Lab17\LexAnalysis.cpp(234,13): error C3861: execute: идентификатор не найден
     1>E:\Универ\2 курс\КПО\SE_Lab17\LexAnalysis.cpp(238,12): error C2065: declare: необъявленный идентификатор
     1>E:\Универ\2 курс\КПО\SE_Lab17\LexAnalysis.cpp(238,19): error C2541: delete: нельзя удалять объекты, не являющиеся указателями
     1>E:\Универ\2 курс\КПО\SE_Lab17\LexAnalysis.cpp(239,5): error C2065: declare: необъявленный идентификатор
     1>E:\Универ\2 курс\КПО\SE_Lab17\LexAnalysis.cpp(244,12): error C2065: declare: необъявленный идентификатор
     1>E:\Универ\2 курс\КПО\SE_Lab17\LexAnalysis.cpp(244,19): error C2541: delete: нельзя удалять объекты, не являющиеся указателями
     1>E:\Универ\2 курс\КПО\SE_Lab17\LexAnalysis.cpp(245,5): error C2065: declare: необъявленный идентификатор
     1>E:\Универ\2 курс\КПО\SE_Lab17\LexAnalysis.cpp(253,4): error C2653: FST: не является именем класса или пространства имен
     1>E:\Универ\2 курс\КПО\SE_Lab17\LexAnalysis.cpp(253,9): error C2065: FST: необъявленный идентификатор
     1>E:\Универ\2 курс\КПО\SE_Lab17\LexAnalysis.cpp(253,14): error C2065: _return: необъявленный идентификатор
     1>E:\Универ\2 курс\КПО\SE_Lab17\LexAnalysis.cpp(253,28): error C2653: FST: не является именем класса или пространства имен
     1>E:\Универ\2 курс\КПО\SE_Lab17\LexAnalysis.cpp(253,33): error C2061: синтаксическая ошибка: идентификатор "FST"
     1>E:\Универ\2 курс\КПО\SE_Lab17\LexAnalysis.cpp(254,8): error C2653: FST: не является именем класса или пространства имен
     1>E:\Универ\2 курс\КПО\SE_Lab17\LexAnalysis.cpp(254,22): error C2065: _return: необъявленный идентификатор
     1>E:\Универ\2 курс\КПО\SE_Lab17\LexAnalysis.cpp(254,13): error C3861: execute: идентификатор не найден
     1>E:\Универ\2 курс\КПО\SE_Lab17\LexAnalysis.cpp(258,12): error C2065: _return: необъявленный идентификатор
     1>E:\Универ\2 курс\КПО\SE_Lab17\LexAnalysis.cpp(258,19): error C2541: delete: нельзя удалять объекты, не являющиеся указателями
     1>E:\Универ\2 курс\КПО\SE_Lab17\LexAnalysis.cpp(259,5): error C2065: _return: необъявленный идентификатор
     1>E:\Универ\2 курс\КПО\SE_Lab17\LexAnalysis.cpp(264,12): error C2065: _return: необъявленный идентификатор
     1>E:\Универ\2 курс\КПО\SE_Lab17\LexAnalysis.cpp(264,19): error C2541: delete: нельзя удалять объекты, не являющиеся указателями
     1>E:\Универ\2 курс\КПО\SE_Lab17\LexAnalysis.cpp(265,5): error C2065: _return: необъявленный идентификатор
     1>E:\Универ\2 курс\КПО\SE_Lab17\LexAnalysis.cpp(272,4): error C2653: FST: не является именем класса или пространства имен
     1>E:\Универ\2 курс\КПО\SE_Lab17\LexAnalysis.cpp(272,9): error C2065: FST: необъявленный идентификатор
     1>E:\Универ\2 курс\КПО\SE_Lab17\LexAnalysis.cpp(272,14): error C2065: _print: необъявленный идентификатор
     1>E:\Универ\2 курс\КПО\SE_Lab17\LexAnalysis.cpp(272,27): error C2653: FST: не является именем класса или пространства имен
     1>E:\Универ\2 курс\КПО\SE_Lab17\LexAnalysis.cpp(272,32): error C2061: синтаксическая ошибка: идентификатор "FST"
     1>E:\Универ\2 курс\КПО\SE_Lab17\LexAnalysis.cpp(273,8): error C2653: FST: не является именем класса или пространства имен
     1>E:\Универ\2 курс\КПО\SE_Lab17\LexAnalysis.cpp(273,22): error C2065: _print: необъявленный идентификатор
     1>E:\Универ\2 курс\КПО\SE_Lab17\LexAnalysis.cpp(273,13): error C3861: execute: идентификатор не найден
     1>E:\Универ\2 курс\КПО\SE_Lab17\LexAnalysis.cpp(277,12): error C2065: _print: необъявленный идентификатор
     1>E:\Универ\2 курс\КПО\SE_Lab17\LexAnalysis.cpp(277,18): error C2541: delete: нельзя удалять объекты, не являющиеся указателями
     1>E:\Универ\2 курс\КПО\SE_Lab17\LexAnalysis.cpp(278,5): error C2065: _print: необъявленный идентификатор
     1>E:\Универ\2 курс\КПО\SE_Lab17\LexAnalysis.cpp(283,12): error C2065: _print: необъявленный идентификатор
     1>E:\Универ\2 курс\КПО\SE_Lab17\LexAnalysis.cpp(283,18): error C2541: delete: нельзя удалять объекты, не являющиеся указателями
     1>E:\Универ\2 курс\КПО\SE_Lab17\LexAnalysis.cpp(284,5): error C2065: _print: необъявленный идентификатор
     1>E:\Универ\2 курс\КПО\SE_Lab17\LexAnalysis.cpp(291,4): error C2653: FST: не является именем класса или пространства имен
     1>E:\Универ\2 курс\КПО\SE_Lab17\LexAnalysis.cpp(291,9): error C2065: FST: необъявленный идентификатор
     1>E:\Универ\2 курс\КПО\SE_Lab17\LexAnalysis.cpp(291,14): error C2065: string_literal: необъявленный идентификатор
     1>E:\Универ\2 курс\КПО\SE_Lab17\LexAnalysis.cpp(291,35): error C2653: FST: не является именем класса или пространства имен
     1>E:\Универ\2 курс\КПО\SE_Lab17\LexAnalysis.cpp(291,40): error C2061: синтаксическая ошибка: идентификатор "FST"
     1>E:\Универ\2 курс\КПО\SE_Lab17\LexAnalysis.cpp(292,8): error C2653: FST: не является именем класса или пространства имен
     1>E:\Универ\2 курс\КПО\SE_Lab17\LexAnalysis.cpp(292,22): error C2065: string_literal: необъявленный идентификатор
     1>E:\Универ\2 курс\КПО\SE_Lab17\LexAnalysis.cpp(292,13): error C3861: execute: идентификатор не найден
     1>E:\Универ\2 курс\КПО\SE_Lab17\LexAnalysis.cpp(313,12): error C2065: string_literal: необъявленный идентификатор
     1>E:\Универ\2 курс\КПО\SE_Lab17\LexAnalysis.cpp(313,26): error C2541: delete: нельзя удалять объекты, не являющиеся указателями
     1>E:\Универ\2 курс\КПО\SE_Lab17\LexAnalysis.cpp(314,5): error C2065: string_literal: необъявленный идентификатор
     1>E:\Универ\2 курс\КПО\SE_Lab17\LexAnalysis.cpp(320,4): error C2653: FST: не является именем класса или пространства имен
     1>E:\Универ\2 курс\КПО\SE_Lab17\LexAnalysis.cpp(320,9): error C2065: FST: необъявленный идентификатор
     1>E:\Универ\2 курс\КПО\SE_Lab17\LexAnalysis.cpp(320,14): error C2065: number_literal: необъявленный идентификатор
     1>E:\Универ\2 курс\КПО\SE_Lab17\LexAnalysis.cpp(320,35): error C2653: FST: не является именем класса или пространства имен
     1>E:\Универ\2 курс\КПО\SE_Lab17\LexAnalysis.cpp(320,43): fatal  error C1003: число ошибок превышает 100; остановка компиляции
         Log.cpp
         LT.cpp
         Out.cpp
         Parm.cpp
         SE_Lab14.cpp
     1>E:\Универ\2 курс\КПО\SE_Lab17\SE_Lab14.cpp(40,9): error C2065: cout: необъявленный идентификатор
     1>E:\Универ\2 курс\КПО\SE_Lab17\SE_Lab14.cpp(40,35): error C2065: endl: необъявленный идентификатор
         Создание кода...
     1>E:\Универ\2 курс\КПО\SE_Lab17\LT.cpp(23): warning C4715: LT::LexTable::GetEntry: значение возвращается не при всех путях выполнения
     1>Сборка проекта "E:\Универ\2 курс\КПО\SE_Lab17\SE_Lab15.vcxproj" завершена (целевые объекты Build) с ошибкой.

Ошибка сборки.

       "E:\Универ\2 курс\КПО\SE_Lab17\SE_Lab15.vcxproj" (целевой объект Build ) (1) ->
       (Целевой объект ClCompile) -> 
         E:\Универ\2 курс\КПО\SE_Lab17\IT.cpp(79,36): warning C4267: =: преобразование из "size_t" в "unsigned char"; возможна потеря данных
         E:\Универ\2 курс\КПО\SE_Lab17\IT.cpp(99,36): warning C4267: =: преобразование из "size_t" в "unsigned char"; возможна потеря данных
         E:\Универ\2 курс\КПО\SE_Lab17\LexAnalysis.cpp(80,21): warning C4305: =: усечение из "int" в "char"
         E:\Универ\2 курс\КПО\SE_Lab17\LexAnalysis.cpp(80,17): warning C4309: =: усечение константного значения
         E:\Универ\2 курс\КПО\SE_Lab17\LT.cpp(23): warning C4715: LT::LexTable::GetEntry: значение возвращается не при всех путях выполнения


       "E:\Универ\2 курс\КПО\SE_Lab17\SE_Lab15.vcxproj" (целевой объект Build ) (1) ->
       (Целевой объект ClCompile) -> 
         E:\Универ\2 курс\КПО\SE_Lab17\IT.cpp(206,148): error C2065: endl: необъявленный идентификатор
         E:\Универ\2 курс\КПО\SE_Lab17\IT.cpp(209,24): error C2039: "setw": не является членом "std".
         E:\Универ\2 курс\КПО\SE_Lab17\IT.cpp(209,28): error C3861: setw: идентификатор не найден
         E:\Универ\2 курс\КПО\SE_Lab17\IT.cpp(209,74): error C2039: "setw": не является членом "std".
         E:\Универ\2 курс\КПО\SE_Lab17\IT.cpp(209,78): error C3861: setw: идентификатор не найден
         E:\Универ\2 курс\КПО\SE_Lab17\IT.cpp(209,116): error C2039: "setw": не является членом "std".
         E:\Универ\2 курс\КПО\SE_Lab17\IT.cpp(209,120): error C3861: setw: идентификатор не найден
         E:\Универ\2 курс\КПО\SE_Lab17\IT.cpp(209,156): error C2039: "setw": не является членом "std".
         E:\Универ\2 курс\КПО\SE_Lab17\IT.cpp(209,160): error C3861: setw: идентификатор не найден
         E:\Универ\2 курс\КПО\SE_Lab17\IT.cpp(209,203): error C2039: "setw": не является членом "std".
         E:\Универ\2 курс\КПО\SE_Lab17\IT.cpp(209,207): error C3861: setw: идентификатор не найден
         E:\Универ\2 курс\КПО\SE_Lab17\IT.cpp(226,124): error C2039: "setw": не является членом "std".
         E:\Универ\2 курс\КПО\SE_Lab17\IT.cpp(226,128): error C3861: setw: идентификатор не найден
         E:\Универ\2 курс\КПО\SE_Lab17\IT.cpp(242,147): error C2065: endl: необъявленный идентификатор
         E:\Универ\2 курс\КПО\SE_Lab17\IT.cpp(245,24): error C2039: "setw": не является членом "std".
         E:\Универ\2 курс\КПО\SE_Lab17\IT.cpp(245,28): error C3861: setw: идентификатор не найден
         E:\Универ\2 курс\КПО\SE_Lab17\IT.cpp(245,74): error C2039: "setw": не является членом "std".
         E:\Универ\2 курс\КПО\SE_Lab17\IT.cpp(245,78): error C3861: setw: идентификатор не найден
         E:\Универ\2 курс\КПО\SE_Lab17\IT.cpp(245,134): error C2039: "setw": не является членом "std".
         E:\Универ\2 курс\КПО\SE_Lab17\IT.cpp(245,138): error C3861: setw: идентификатор не найден
         E:\Универ\2 курс\КПО\SE_Lab17\IT.cpp(245,220): error C2039: "setw": не является членом "std".
         E:\Универ\2 курс\КПО\SE_Lab17\IT.cpp(245,224): error C3861: setw: идентификатор не найден
         E:\Универ\2 курс\КПО\SE_Lab17\IT.cpp(257,57): error C2039: "setw": не является членом "std".
         E:\Универ\2 курс\КПО\SE_Lab17\IT.cpp(257,61): error C3861: setw: идентификатор не найден
         E:\Универ\2 курс\КПО\SE_Lab17\IT.cpp(262,57): error C2039: "setw": не является членом "std".
         E:\Универ\2 курс\КПО\SE_Lab17\IT.cpp(262,61): error C3861: setw: идентификатор не найден
         E:\Универ\2 курс\КПО\SE_Lab17\IT.cpp(280,147): error C2065: endl: необъявленный идентификатор
         E:\Универ\2 курс\КПО\SE_Lab17\IT.cpp(282,24): error C2039: "setw": не является членом "std".
         E:\Универ\2 курс\КПО\SE_Lab17\IT.cpp(282,28): error C3861: setw: идентификатор не найден
         E:\Универ\2 курс\КПО\SE_Lab17\IT.cpp(282,92): error C2039: "setw": не является членом "std".
         E:\Универ\2 курс\КПО\SE_Lab17\IT.cpp(282,96): error C3861: setw: идентификатор не найден
         E:\Универ\2 курс\КПО\SE_Lab17\IT.cpp(282,142): error C2039: "setw": не является членом "std".
         E:\Универ\2 курс\КПО\SE_Lab17\IT.cpp(282,146): error C3861: setw: идентификатор не найден
         E:\Универ\2 курс\КПО\SE_Lab17\IT.cpp(282,185): error C2039: "setw": не является членом "std".
         E:\Универ\2 курс\КПО\SE_Lab17\IT.cpp(282,189): error C3861: setw: идентификатор не найден
         E:\Универ\2 курс\КПО\SE_Lab17\IT.cpp(282,244): error C2039: "setw": не является членом "std".
         E:\Универ\2 курс\КПО\SE_Lab17\IT.cpp(282,248): error C3861: setw: идентификатор не найден
         E:\Универ\2 курс\КПО\SE_Lab17\IT.cpp(294,71): error C2039: "setw": не является членом "std".
         E:\Универ\2 курс\КПО\SE_Lab17\IT.cpp(294,75): error C3861: setw: идентификатор не найден
         E:\Универ\2 курс\КПО\SE_Lab17\IT.cpp(294,151): error C2039: "setw": не является членом "std".
         E:\Универ\2 курс\КПО\SE_Lab17\IT.cpp(294,155): error C3861: setw: идентификатор не найден
         E:\Универ\2 курс\КПО\SE_Lab17\IT.cpp(294,178): error C2039: "setw": не является членом "std".
         E:\Универ\2 курс\КПО\SE_Lab17\IT.cpp(294,182): error C3861: setw: идентификатор не найден
         E:\Универ\2 курс\КПО\SE_Lab17\IT.cpp(299,71): error C2039: "setw": не является членом "std".
         E:\Универ\2 курс\КПО\SE_Lab17\IT.cpp(299,75): error C3861: setw: идентификатор не найден
         E:\Универ\2 курс\КПО\SE_Lab17\IT.cpp(299,151): error C2039: "setw": не является членом "std".
         E:\Универ\2 курс\КПО\SE_Lab17\IT.cpp(299,155): error C3861: setw: идентификатор не найден
         E:\Универ\2 курс\КПО\SE_Lab17\IT.cpp(299,178): error C2039: "setw": не является членом "std".
         E:\Универ\2 курс\КПО\SE_Lab17\IT.cpp(299,182): error C3861: setw: идентификатор не найден
         E:\Универ\2 курс\КПО\SE_Lab17\IT.cpp(314,71): error C2039: "setw": не является членом "std".
         E:\Универ\2 курс\КПО\SE_Lab17\IT.cpp(314,75): error C3861: setw: идентификатор не найден
         E:\Универ\2 курс\КПО\SE_Lab17\IT.cpp(314,151): error C2039: "setw": не является членом "std".
         E:\Универ\2 курс\КПО\SE_Lab17\IT.cpp(314,155): error C3861: setw: идентификатор не найден
         E:\Универ\2 курс\КПО\SE_Lab17\IT.cpp(314,178): error C2039: "setw": не является членом "std".
         E:\Универ\2 курс\КПО\SE_Lab17\IT.cpp(314,182): error C3861: setw: идентификатор не найден
         E:\Универ\2 курс\КПО\SE_Lab17\IT.cpp(319,71): error C2039: "setw": не является членом "std".
         E:\Универ\2 курс\КПО\SE_Lab17\IT.cpp(319,75): error C3861: setw: идентификатор не найден
         E:\Универ\2 курс\КПО\SE_Lab17\IT.cpp(319,151): error C2039: "setw": не является членом "std".
         E:\Универ\2 курс\КПО\SE_Lab17\IT.cpp(319,155): error C3861: setw: идентификатор не найден
         E:\Универ\2 курс\КПО\SE_Lab17\IT.cpp(319,178): error C2039: "setw": не является членом "std".
         E:\Универ\2 курс\КПО\SE_Lab17\IT.cpp(319,182): error C3861: setw: идентификатор не найден
         E:\Универ\2 курс\КПО\SE_Lab17\LexAnalysis.cpp(14,46): error C2039: "D": не является членом "In::IN".
         E:\Универ\2 курс\КПО\SE_Lab17\LexAnalysis.cpp(14,89): error C2039: "O": не является членом "In::IN".
         E:\Универ\2 курс\КПО\SE_Lab17\LexAnalysis.cpp(171,4): error C2653: FST: не является именем класса или пространства имен
         E:\Универ\2 курс\КПО\SE_Lab17\LexAnalysis.cpp(171,9): error C2065: FST: необъявленный идентификатор
         E:\Универ\2 курс\КПО\SE_Lab17\LexAnalysis.cpp(171,14): error C2065: function: необъявленный идентификатор
         E:\Универ\2 курс\КПО\SE_Lab17\LexAnalysis.cpp(171,29): error C2653: FST: не является именем класса или пространства имен
         E:\Универ\2 курс\КПО\SE_Lab17\LexAnalysis.cpp(171,34): error C2061: синтаксическая ошибка: идентификатор "FST"
         E:\Универ\2 курс\КПО\SE_Lab17\LexAnalysis.cpp(172,8): error C2653: FST: не является именем класса или пространства имен
         E:\Универ\2 курс\КПО\SE_Lab17\LexAnalysis.cpp(172,22): error C2065: function: необъявленный идентификатор
         E:\Универ\2 курс\КПО\SE_Lab17\LexAnalysis.cpp(172,13): error C3861: execute: идентификатор не найден
         E:\Универ\2 курс\КПО\SE_Lab17\LexAnalysis.cpp(176,12): error C2065: function: необъявленный идентификатор
         E:\Универ\2 курс\КПО\SE_Lab17\LexAnalysis.cpp(176,20): error C2541: delete: нельзя удалять объекты, не являющиеся указателями
         E:\Универ\2 курс\КПО\SE_Lab17\LexAnalysis.cpp(177,5): error C2065: function: необъявленный идентификатор
         E:\Универ\2 курс\КПО\SE_Lab17\LexAnalysis.cpp(182,12): error C2065: function: необъявленный идентификатор
         E:\Универ\2 курс\КПО\SE_Lab17\LexAnalysis.cpp(182,20): error C2541: delete: нельзя удалять объекты, не являющиеся указателями
         E:\Универ\2 курс\КПО\SE_Lab17\LexAnalysis.cpp(183,5): error C2065: function: необъявленный идентификатор
         E:\Универ\2 курс\КПО\SE_Lab17\LexAnalysis.cpp(190,4): error C2653: FST: не является именем класса или пространства имен
         E:\Универ\2 курс\КПО\SE_Lab17\LexAnalysis.cpp(190,9): error C2065: FST: необъявленный идентификатор
         E:\Универ\2 курс\КПО\SE_Lab17\LexAnalysis.cpp(190,14): error C2065: integer: необъявленный идентификатор
         E:\Универ\2 курс\КПО\SE_Lab17\LexAnalysis.cpp(190,28): error C2653: FST: не является именем класса или пространства имен
         E:\Универ\2 курс\КПО\SE_Lab17\LexAnalysis.cpp(190,33): error C2061: синтаксическая ошибка: идентификатор "FST"
         E:\Универ\2 курс\КПО\SE_Lab17\LexAnalysis.cpp(191,8): error C2653: FST: не является именем класса или пространства имен
         E:\Универ\2 курс\КПО\SE_Lab17\LexAnalysis.cpp(191,22): error C2065: integer: необъявленный идентификатор
         E:\Универ\2 курс\КПО\SE_Lab17\LexAnalysis.cpp(191,13): error C3861: execute: идентификатор не найден
         E:\Универ\2 курс\КПО\SE_Lab17\LexAnalysis.cpp(195,12): error C2065: integer: необъявленный идентификатор
         E:\Универ\2 курс\КПО\SE_Lab17\LexAnalysis.cpp(195,19): error C2541: delete: нельзя удалять объекты, не являющиеся указателями
         E:\Универ\2 курс\КПО\SE_Lab17\LexAnalysis.cpp(196,5): error C2065: integer: необъявленный идентификатор
         E:\Универ\2 курс\КПО\SE_Lab17\LexAnalysis.cpp(203,12): error C2065: integer: необъявленный идентификатор
         E:\Универ\2 курс\КПО\SE_Lab17\LexAnalysis.cpp(203,19): error C2541: delete: нельзя удалять объекты, не являющиеся указателями
         E:\Универ\2 курс\КПО\SE_Lab17\LexAnalysis.cpp(204,5): error C2065: integer: необъявленный идентификатор
         E:\Универ\2 курс\КПО\SE_Lab17\LexAnalysis.cpp(211,4): error C2653: FST: не является именем класса или пространства имен
         E:\Универ\2 курс\КПО\SE_Lab17\LexAnalysis.cpp(211,9): error C2065: FST: необъявленный идентификатор
         E:\Универ\2 курс\КПО\SE_Lab17\LexAnalysis.cpp(211,14): error C2065: string: необъявленный идентификатор
         E:\Универ\2 курс\КПО\SE_Lab17\LexAnalysis.cpp(211,27): error C2653: FST: не является именем класса или пространства имен
         E:\Универ\2 курс\КПО\SE_Lab17\LexAnalysis.cpp(211,32): error C2061: синтаксическая ошибка: идентификатор "FST"
         E:\Универ\2 курс\КПО\SE_Lab17\LexAnalysis.cpp(212,8): error C2653: FST: не является именем класса или пространства имен
         E:\Универ\2 курс\КПО\SE_Lab17\LexAnalysis.cpp(212,22): error C2065: string: необъявленный идентификатор
         E:\Универ\2 курс\КПО\SE_Lab17\LexAnalysis.cpp(212,13): error C3861: execute: идентификатор не найден
         E:\Универ\2 курс\КПО\SE_Lab17\LexAnalysis.cpp(216,12): error C2065: string: необъявленный идентификатор
         E:\Универ\2 курс\КПО\SE_Lab17\LexAnalysis.cpp(216,18): error C2541: delete: нельзя удалять объекты, не являющиеся указателями
         E:\Универ\2 курс\КПО\SE_Lab17\LexAnalysis.cpp(217,5): error C2065: string: необъявленный идентификатор
         E:\Универ\2 курс\КПО\SE_Lab17\LexAnalysis.cpp(224,12): error C2065: string: необъявленный идентификатор
         E:\Универ\2 курс\КПО\SE_Lab17\LexAnalysis.cpp(224,18): error C2541: delete: нельзя удалять объекты, не являющиеся указателями
         E:\Универ\2 курс\КПО\SE_Lab17\LexAnalysis.cpp(225,5): error C2065: string: необъявленный идентификатор
         E:\Универ\2 курс\КПО\SE_Lab17\LexAnalysis.cpp(233,4): error C2653: FST: не является именем класса или пространства имен
         E:\Универ\2 курс\КПО\SE_Lab17\LexAnalysis.cpp(233,9): error C2065: FST: необъявленный идентификатор
         E:\Универ\2 курс\КПО\SE_Lab17\LexAnalysis.cpp(233,14): error C2065: declare: необъявленный идентификатор
         E:\Универ\2 курс\КПО\SE_Lab17\LexAnalysis.cpp(233,28): error C2653: FST: не является именем класса или пространства имен
         E:\Универ\2 курс\КПО\SE_Lab17\LexAnalysis.cpp(233,33): error C2061: синтаксическая ошибка: идентификатор "FST"
         E:\Универ\2 курс\КПО\SE_Lab17\LexAnalysis.cpp(234,8): error C2653: FST: не является именем класса или пространства имен
         E:\Универ\2 курс\КПО\SE_Lab17\LexAnalysis.cpp(234,22): error C2065: declare: необъявленный идентификатор
         E:\Универ\2 курс\КПО\SE_Lab17\LexAnalysis.cpp(234,13): error C3861: execute: идентификатор не найден
         E:\Универ\2 курс\КПО\SE_Lab17\LexAnalysis.cpp(238,12): error C2065: declare: необъявленный идентификатор
         E:\Универ\2 курс\КПО\SE_Lab17\LexAnalysis.cpp(238,19): error C2541: delete: нельзя удалять объекты, не являющиеся указателями
         E:\Универ\2 курс\КПО\SE_Lab17\LexAnalysis.cpp(239,5): error C2065: declare: необъявленный идентификатор
         E:\Универ\2 курс\КПО\SE_Lab17\LexAnalysis.cpp(244,12): error C2065: declare: необъявленный идентификатор
         E:\Универ\2 курс\КПО\SE_Lab17\LexAnalysis.cpp(244,19): error C2541: delete: нельзя удалять объекты, не являющиеся указателями
         E:\Универ\2 курс\КПО\SE_Lab17\LexAnalysis.cpp(245,5): error C2065: declare: необъявленный идентификатор
         E:\Универ\2 курс\КПО\SE_Lab17\LexAnalysis.cpp(253,4): error C2653: FST: не является именем класса или пространства имен
         E:\Универ\2 курс\КПО\SE_Lab17\LexAnalysis.cpp(253,9): error C2065: FST: необъявленный идентификатор
         E:\Универ\2 курс\КПО\SE_Lab17\LexAnalysis.cpp(253,14): error C2065: _return: необъявленный идентификатор
         E:\Универ\2 курс\КПО\SE_Lab17\LexAnalysis.cpp(253,28): error C2653: FST: не является именем класса или пространства имен
         E:\Универ\2 курс\КПО\SE_Lab17\LexAnalysis.cpp(253,33): error C2061: синтаксическая ошибка: идентификатор "FST"
         E:\Универ\2 курс\КПО\SE_Lab17\LexAnalysis.cpp(254,8): error C2653: FST: не является именем класса или пространства имен
         E:\Универ\2 курс\КПО\SE_Lab17\LexAnalysis.cpp(254,22): error C2065: _return: необъявленный идентификатор
         E:\Универ\2 курс\КПО\SE_Lab17\LexAnalysis.cpp(254,13): error C3861: execute: идентификатор не найден
         E:\Универ\2 курс\КПО\SE_Lab17\LexAnalysis.cpp(258,12): error C2065: _return: необъявленный идентификатор
         E:\Универ\2 курс\КПО\SE_Lab17\LexAnalysis.cpp(258,19): error C2541: delete: нельзя удалять объекты, не являющиеся указателями
         E:\Универ\2 курс\КПО\SE_Lab17\LexAnalysis.cpp(259,5): error C2065: _return: необъявленный идентификатор
         E:\Универ\2 курс\КПО\SE_Lab17\LexAnalysis.cpp(264,12): error C2065: _return: необъявленный идентификатор
         E:\Универ\2 курс\КПО\SE_Lab17\LexAnalysis.cpp(264,19): error C2541: delete: нельзя удалять объекты, не являющиеся указателями
         E:\Универ\2 курс\КПО\SE_Lab17\LexAnalysis.cpp(265,5): error C2065: _return: необъявленный идентификатор
         E:\Универ\2 курс\КПО\SE_Lab17\LexAnalysis.cpp(272,4): error C2653: FST: не является именем класса или пространства имен
         E:\Универ\2 курс\КПО\SE_Lab17\LexAnalysis.cpp(272,9): error C2065: FST: необъявленный идентификатор
         E:\Универ\2 курс\КПО\SE_Lab17\LexAnalysis.cpp(272,14): error C2065: _print: необъявленный идентификатор
         E:\Универ\2 курс\КПО\SE_Lab17\LexAnalysis.cpp(272,27): error C2653: FST: не является именем класса или пространства имен
         E:\Универ\2 курс\КПО\SE_Lab17\LexAnalysis.cpp(272,32): error C2061: синтаксическая ошибка: идентификатор "FST"
         E:\Универ\2 курс\КПО\SE_Lab17\LexAnalysis.cpp(273,8): error C2653: FST: не является именем класса или пространства имен
         E:\Универ\2 курс\КПО\SE_Lab17\LexAnalysis.cpp(273,22): error C2065: _print: необъявленный идентификатор
         E:\Универ\2 курс\КПО\SE_Lab17\LexAnalysis.cpp(273,13): error C3861: execute: идентификатор не найден
         E:\Универ\2 курс\КПО\SE_Lab17\LexAnalysis.cpp(277,12): error C2065: _print: необъявленный идентификатор
         E:\Универ\2 курс\КПО\SE_Lab17\LexAnalysis.cpp(277,18): error C2541: delete: нельзя удалять объекты, не являющиеся указателями
         E:\Универ\2 курс\КПО\SE_Lab17\LexAnalysis.cpp(278,5): error C2065: _print: необъявленный идентификатор
         E:\Универ\2 курс\КПО\SE_Lab17\LexAnalysis.cpp(283,12): error C2065: _print: необъявленный идентификатор
         E:\Универ\2 курс\КПО\SE_Lab17\LexAnalysis.cpp(283,18): error C2541: delete: нельзя удалять объекты, не являющиеся указателями
         E:\Универ\2 курс\КПО\SE_Lab17\LexAnalysis.cpp(284,5): error C2065: _print: необъявленный идентификатор
         E:\Универ\2 курс\КПО\SE_Lab17\LexAnalysis.cpp(291,4): error C2653: FST: не является именем класса или пространства имен
         E:\Универ\2 курс\КПО\SE_Lab17\LexAnalysis.cpp(291,9): error C2065: FST: необъявленный идентификатор
         E:\Универ\2 курс\КПО\SE_Lab17\LexAnalysis.cpp(291,14): error C2065: string_literal: необъявленный идентификатор
         E:\Универ\2 курс\КПО\SE_Lab17\LexAnalysis.cpp(291,35): error C2653: FST: не является именем класса или пространства имен
         E:\Универ\2 курс\КПО\SE_Lab17\LexAnalysis.cpp(291,40): error C2061: синтаксическая ошибка: идентификатор "FST"
         E:\Универ\2 курс\КПО\SE_Lab17\LexAnalysis.cpp(292,8): error C2653: FST: не является именем класса или пространства имен
         E:\Универ\2 курс\КПО\SE_Lab17\LexAnalysis.cpp(292,22): error C2065: string_literal: необъявленный идентификатор
         E:\Универ\2 курс\КПО\SE_Lab17\LexAnalysis.cpp(292,13): error C3861: execute: идентификатор не найден
         E:\Универ\2 курс\КПО\SE_Lab17\LexAnalysis.cpp(313,12): error C2065: string_literal: необъявленный идентификатор
         E:\Универ\2 курс\КПО\SE_Lab17\LexAnalysis.cpp(313,26): error C2541: delete: нельзя удалять объекты, не являющиеся указателями
         E:\Универ\2 курс\КПО\SE_Lab17\LexAnalysis.cpp(314,5): error C2065: string_literal: необъявленный идентификатор
         E:\Универ\2 курс\КПО\SE_Lab17\LexAnalysis.cpp(320,4): error C2653: FST: не является именем класса или пространства имен
         E:\Универ\2 курс\КПО\SE_Lab17\LexAnalysis.cpp(320,9): error C2065: FST: необъявленный идентификатор
         E:\Универ\2 курс\КПО\SE_Lab17\LexAnalysis.cpp(320,14): error C2065: number_literal: необъявленный идентификатор
         E:\Универ\2 курс\КПО\SE_Lab17\LexAnalysis.cpp(320,35): error C2653: FST: не является именем класса или пространства имен
         E:\Универ\2 курс\КПО\SE_Lab17\LexAnalysis.cpp(320,43): fatal  error C1003: число ошибок превышает 100; остановка компиляции
         E:\Универ\2 курс\КПО\SE_Lab17\SE_Lab14.cpp(40,9): error C2065: cout: необъявленный идентификатор
         E:\Универ\2 курс\КПО\SE_Lab17\SE_Lab14.cpp(40,35): error C2065: endl: необъявленный идентификатор

    Предупреждений: 5
    Ошибок: 165

Прошло времени 00:00:14.57
