Сборка начата 12.12.2023 16:47:13.
Уровень детализации журнала: Normal.     1>Проект "E:\Универ\2 курс\КПО\KPO_Labs-main\SE_asm01e\SE_asm01e.vcxproj" в узле 2 (целевые объекты Build).
     1>InitializeBuildStatus:
         Обращение к "Debug\SE_asm01e.tlog\unsuccessfulbuild".
       _MASM:
       Целевой объект "_MASM" пропускается, так как все выходные файлы актуальны по отношению к входным.
       Link:
         C:\Program Files\Microsoft Visual Studio\2022\Community\VC\Tools\MSVC\14.35.32215\bin\HostX86\x86\link.exe /ERRORREPORT:PROMPT /OUT:"E:\Универ\2 курс\КПО\KPO_Labs-main\Debug\SE_asm01e.exe" /INCREMENTAL /ILK:"Debug\SE_asm01e.ilk" /NOLOGO kernel32.lib user32.lib gdi32.lib winspool.lib comdlg32.lib advapi32.lib shell32.lib ole32.lib oleaut32.lib uuid.lib odbc32.lib odbccp32.lib /NODEFAULTLIB:/NODEFAULTLIB:library /MANIFEST /MANIFESTUAC:"level='asInvoker' uiAccess='false'" /manifest:embed /DEBUG /PDB:"E:\Универ\2 курс\КПО\KPO_Labs-main\Debug\SE_asm01e.pdb" /SUBSYSTEM:CONSOLE /TLBID:1 /DYNAMICBASE /NXCOMPAT /IMPLIB:"E:\Универ\2 курс\КПО\KPO_Labs-main\Debug\SE_asm01e.lib" /MACHINE:X86 ..\Debug\SE_asm01d.lib Debug\SE_asm01e.obj
     1>LINK : warning LNK4098: библиотека по умолчанию "libucrt.lib" конфликтует с использованием других библиотек; используйте /NODEFAULTLIB:library
         SE_asm01e.vcxproj -> E:\Универ\2 курс\КПО\KPO_Labs-main\Debug\SE_asm01e.exe
       FinalizeBuildStatus:
         Файл "Debug\SE_asm01e.tlog\unsuccessfulbuild" удаляется.
         Обращение к "Debug\SE_asm01e.tlog\SE_asm01e.lastbuildstate".
     1>Сборка проекта "E:\Универ\2 курс\КПО\KPO_Labs-main\SE_asm01e\SE_asm01e.vcxproj" завершена (целевые объекты Build).

Сборка успешно завершена.

       "E:\Универ\2 курс\КПО\KPO_Labs-main\SE_asm01e\SE_asm01e.vcxproj" (целевой объект Build ) (1) ->
       (Целевой объект Link) -> 
         LINK : warning LNK4098: библиотека по умолчанию "libucrt.lib" конфликтует с использованием других библиотек; используйте /NODEFAULTLIB:library

    Предупреждений: 1
    Ошибок: 0

Прошло времени 00:00:00.68
